# JRE version: OpenJDK Runtime Environment Temurin-17.0.7+7 (17.0.7+7) (build 17.0.7+7)
# Java VM: OpenJDK 64-Bit Server VM Temurin-17.0.7+7 (17.0.7+7, mixed mode, emulated-client, tiered, compressed oops, compressed class ptrs, g1 gc, windows-amd64)
GC Precious Log:
 CPUs: 20 total, 20 available
 Memory: 16301M
 Large Page Support: Disabled
 NUMA Support: Disabled
 Compressed Oops: Enabled (32-bit)
 Heap Region Size: 1M
 Heap Min Capacity: 8M
 Heap Initial Capacity: 256M
 Heap Max Capacity: 1G
 Pre-touch: Disabled
 Parallel Workers: 15
 Concurrent Workers: 4
 Concurrent Refinement Workers: 15
 Periodic GC: Disabled
Heap:
 garbage-first heap   total 119808K, used 36927K [0x00000000c0000000, 0x0000000100000000)
  region size 1024K, 1 young (1024K), 0 survivors (0K)
 Metaspace       used 70167K, committed 70592K, reserved 1114112K
  class space    used 9593K, committed 9792K, reserved 1048576K
GC Heap History (20 events):
Event: 35483.232 GC heap before
{Heap before GC invocations=3479 (full 3428):
 garbage-first heap   total 119808K, used 36927K [0x00000000c0000000, 0x0000000100000000)
  region size 1024K, 1 young (1024K), 0 survivors (0K)
 Metaspace       used 70167K, committed 70592K, reserved 1114112K
  class space    used 9593K, committed 9792K, reserved 1048576K
}
Event: 35483.263 GC heap after
{Heap after GC invocations=3480 (full 3429):
 garbage-first heap   total 119808K, used 36927K [0x00000000c0000000, 0x0000000100000000)
  region size 1024K, 0 young (0K), 0 survivors (0K)
 Metaspace       used 70167K, committed 70592K, reserved 1114112K
  class space    used 9593K, committed 9792K, reserved 1048576K
}
Event: 35493.512 GC heap before
{Heap before GC invocations=3480 (full 3429):
 garbage-first heap   total 119808K, used 36927K [0x00000000c0000000, 0x0000000100000000)
  region size 1024K, 1 young (1024K), 0 survivors (0K)
 Metaspace       used 70167K, committed 70592K, reserved 1114112K
  class space    used 9593K, committed 9792K, reserved 1048576K
}
Event: 35493.544 GC heap after
{Heap after GC invocations=3481 (full 3430):
 garbage-first heap   total 119808K, used 36927K [0x00000000c0000000, 0x0000000100000000)
  region size 1024K, 0 young (0K), 0 survivors (0K)
 Metaspace       used 70167K, committed 70592K, reserved 1114112K
  class space    used 9593K, committed 9792K, reserved 1048576K
}
Event: 35503.785 GC heap before
{Heap before GC invocations=3481 (full 3430):
 garbage-first heap   total 119808K, used 36927K [0x00000000c0000000, 0x0000000100000000)
  region size 1024K, 1 young (1024K), 0 survivors (0K)
 Metaspace       used 70167K, committed 70592K, reserved 1114112K
  class space    used 9593K, committed 9792K, reserved 1048576K
}
Event: 35503.815 GC heap after
{Heap after GC invocations=3482 (full 3431):
 garbage-first heap   total 119808K, used 36927K [0x00000000c0000000, 0x0000000100000000)
  region size 1024K, 0 young (0K), 0 survivors (0K)
 Metaspace       used 70167K, committed 70592K, reserved 1114112K
  class space    used 9593K, committed 9792K, reserved 1048576K
}
Event: 35514.043 GC heap before
{Heap before GC invocations=3482 (full 3431):
 garbage-first heap   total 119808K, used 36927K [0x00000000c0000000, 0x0000000100000000)
  region size 1024K, 1 young (1024K), 0 survivors (0K)
 Metaspace       used 70167K, committed 70592K, reserved 1114112K
  class space    used 9593K, committed 9792K, reserved 1048576K
}
Event: 35514.075 GC heap after
{Heap after GC invocations=3483 (full 3432):
 garbage-first heap   total 119808K, used 36927K [0x00000000c0000000, 0x0000000100000000)
  region size 1024K, 0 young (0K), 0 survivors (0K)
 Metaspace       used 70167K, committed 70592K, reserved 1114112K
  class space    used 9593K, committed 9792K, reserved 1048576K
}
Event: 35524.298 GC heap before
{Heap before GC invocations=3483 (full 3432):
 garbage-first heap   total 119808K, used 36927K [0x00000000c0000000, 0x0000000100000000)
  region size 1024K, 1 young (1024K), 0 survivors (0K)
 Metaspace       used 70167K, committed 70592K, reserved 1114112K
  class space    used 9593K, committed 9792K, reserved 1048576K
}
Event: 35524.329 GC heap after
{Heap after GC invocations=3484 (full 3433):
 garbage-first heap   total 119808K, used 36927K [0x00000000c0000000, 0x0000000100000000)
  region size 1024K, 0 young (0K), 0 survivors (0K)
 Metaspace       used 70167K, committed 70592K, reserved 1114112K
  class space    used 9593K, committed 9792K, reserved 1048576K
}
Event: 35534.547 GC heap before
{Heap before GC invocations=3484 (full 3433):
 garbage-first heap   total 119808K, used 36927K [0x00000000c0000000, 0x0000000100000000)
  region size 1024K, 1 young (1024K), 0 survivors (0K)
 Metaspace       used 70167K, committed 70592K, reserved 1114112K
  class space    used 9593K, committed 9792K, reserved 1048576K
}
Event: 35534.579 GC heap after
{Heap after GC invocations=3485 (full 3434):
 garbage-first heap   total 119808K, used 36927K [0x00000000c0000000, 0x0000000100000000)
  region size 1024K, 0 young (0K), 0 survivors (0K)
 Metaspace       used 70167K, committed 70592K, reserved 1114112K
  class space    used 9593K, committed 9792K, reserved 1048576K
}
Event: 35544.799 GC heap before
{Heap before GC invocations=3485 (full 3434):
 garbage-first heap   total 119808K, used 36927K [0x00000000c0000000, 0x0000000100000000)
  region size 1024K, 1 young (1024K), 0 survivors (0K)
 Metaspace       used 70167K, committed 70592K, reserved 1114112K
  class space    used 9593K, committed 9792K, reserved 1048576K
}
Event: 35544.831 GC heap after
{Heap after GC invocations=3486 (full 3435):
 garbage-first heap   total 119808K, used 36927K [0x00000000c0000000, 0x0000000100000000)
  region size 1024K, 0 young (0K), 0 survivors (0K)
 Metaspace       used 70167K, committed 70592K, reserved 1114112K
  class space    used 9593K, committed 9792K, reserved 1048576K
}
Event: 35555.055 GC heap before
{Heap before GC invocations=3486 (full 3435):
 garbage-first heap   total 119808K, used 36927K [0x00000000c0000000, 0x0000000100000000)
  region size 1024K, 1 young (1024K), 0 survivors (0K)
 Metaspace       used 70167K, committed 70592K, reserved 1114112K
  class space    used 9593K, committed 9792K, reserved 1048576K
}
Event: 35555.085 GC heap after
{Heap after GC invocations=3487 (full 3436):
 garbage-first heap   total 119808K, used 36927K [0x00000000c0000000, 0x0000000100000000)
  region size 1024K, 0 young (0K), 0 survivors (0K)
 Metaspace       used 70167K, committed 70592K, reserved 1114112K
  class space    used 9593K, committed 9792K, reserved 1048576K
}
Event: 35565.307 GC heap before
{Heap before GC invocations=3487 (full 3436):
 garbage-first heap   total 119808K, used 36927K [0x00000000c0000000, 0x0000000100000000)
  region size 1024K, 1 young (1024K), 0 survivors (0K)
 Metaspace       used 70167K, committed 70592K, reserved 1114112K
  class space    used 9593K, committed 9792K, reserved 1048576K
}
Event: 35565.350 GC heap after
{Heap after GC invocations=3488 (full 3437):
 garbage-first heap   total 119808K, used 36927K [0x00000000c0000000, 0x0000000100000000)
  region size 1024K, 0 young (0K), 0 survivors (0K)
 Metaspace       used 70167K, committed 70592K, reserved 1114112K
  class space    used 9593K, committed 9792K, reserved 1048576K
}
Event: 35575.580 GC heap before
{Heap before GC invocations=3488 (full 3437):
 garbage-first heap   total 119808K, used 36927K [0x00000000c0000000, 0x0000000100000000)
  region size 1024K, 1 young (1024K), 0 survivors (0K)
 Metaspace       used 70167K, committed 70592K, reserved 1114112K
  class space    used 9593K, committed 9792K, reserved 1048576K
}
Event: 35575.613 GC heap after
{Heap after GC invocations=3489 (full 3438):
 garbage-first heap   total 119808K, used 36927K [0x00000000c0000000, 0x0000000100000000)
  region size 1024K, 0 young (0K), 0 survivors (0K)
 Metaspace       used 70167K, committed 70592K, reserved 1114112K
  class space    used 9593K, committed 9792K, reserved 1048576K
}

