# JRE version: OpenJDK Runtime Environment Temurin-17.0.7+7 (17.0.7+7) (build 17.0.7+7)
# Java VM: OpenJDK 64-Bit Server VM Temurin-17.0.7+7 (17.0.7+7, mixed mode, emulated-client, tiered, compressed oops, compressed class ptrs, g1 gc, windows-amd64)
GC Precious Log:
 CPUs: 20 total, 20 available
 Memory: 16301M
 Large Page Support: Disabled
 NUMA Support: Disabled
 Compressed Oops: Enabled (32-bit)
 Heap Region Size: 1M
 Heap Min Capacity: 8M
 Heap Initial Capacity: 256M
 Heap Max Capacity: 1G
 Pre-touch: Disabled
 Parallel Workers: 15
 Concurrent Workers: 4
 Concurrent Refinement Workers: 15
 Periodic GC: Disabled
Heap:
 garbage-first heap   total 577536K, used 184336K [0x00000000c0000000, 0x0000000100000000)
  region size 1024K, 1 young (1024K), 0 survivors (0K)
 Metaspace       used 74698K, committed 75264K, reserved 1114112K
  class space    used 10291K, committed 10560K, reserved 1048576K
GC Heap History (20 events):
Event: 129467.918 GC heap before
{Heap before GC invocations=12070 (full 11707):
 garbage-first heap   total 577536K, used 184336K [0x00000000c0000000, 0x0000000100000000)
  region size 1024K, 1 young (1024K), 0 survivors (0K)
 Metaspace       used 74698K, committed 75264K, reserved 1114112K
  class space    used 10291K, committed 10560K, reserved 1048576K
}
Event: 129467.980 GC heap after
{Heap after GC invocations=12071 (full 11708):
 garbage-first heap   total 577536K, used 184336K [0x00000000c0000000, 0x0000000100000000)
  region size 1024K, 0 young (0K), 0 survivors (0K)
 Metaspace       used 74698K, committed 75264K, reserved 1114112K
  class space    used 10291K, committed 10560K, reserved 1048576K
}
Event: 129478.225 GC heap before
{Heap before GC invocations=12071 (full 11708):
 garbage-first heap   total 577536K, used 184336K [0x00000000c0000000, 0x0000000100000000)
  region size 1024K, 1 young (1024K), 0 survivors (0K)
 Metaspace       used 74698K, committed 75264K, reserved 1114112K
  class space    used 10291K, committed 10560K, reserved 1048576K
}
Event: 129478.290 GC heap after
{Heap after GC invocations=12072 (full 11709):
 garbage-first heap   total 577536K, used 184336K [0x00000000c0000000, 0x0000000100000000)
  region size 1024K, 0 young (0K), 0 survivors (0K)
 Metaspace       used 74698K, committed 75264K, reserved 1114112K
  class space    used 10291K, committed 10560K, reserved 1048576K
}
Event: 129488.542 GC heap before
{Heap before GC invocations=12072 (full 11709):
 garbage-first heap   total 577536K, used 184336K [0x00000000c0000000, 0x0000000100000000)
  region size 1024K, 1 young (1024K), 0 survivors (0K)
 Metaspace       used 74698K, committed 75264K, reserved 1114112K
  class space    used 10291K, committed 10560K, reserved 1048576K
}
Event: 129488.609 GC heap after
{Heap after GC invocations=12073 (full 11710):
 garbage-first heap   total 577536K, used 184336K [0x00000000c0000000, 0x0000000100000000)
  region size 1024K, 0 young (0K), 0 survivors (0K)
 Metaspace       used 74698K, committed 75264K, reserved 1114112K
  class space    used 10291K, committed 10560K, reserved 1048576K
}
Event: 129498.830 GC heap before
{Heap before GC invocations=12073 (full 11710):
 garbage-first heap   total 577536K, used 184336K [0x00000000c0000000, 0x0000000100000000)
  region size 1024K, 1 young (1024K), 0 survivors (0K)
 Metaspace       used 74698K, committed 75264K, reserved 1114112K
  class space    used 10291K, committed 10560K, reserved 1048576K
}
Event: 129498.896 GC heap after
{Heap after GC invocations=12074 (full 11711):
 garbage-first heap   total 577536K, used 184336K [0x00000000c0000000, 0x0000000100000000)
  region size 1024K, 0 young (0K), 0 survivors (0K)
 Metaspace       used 74698K, committed 75264K, reserved 1114112K
  class space    used 10291K, committed 10560K, reserved 1048576K
}
Event: 129509.234 GC heap before
{Heap before GC invocations=12074 (full 11711):
 garbage-first heap   total 577536K, used 184336K [0x00000000c0000000, 0x0000000100000000)
  region size 1024K, 1 young (1024K), 0 survivors (0K)
 Metaspace       used 74698K, committed 75264K, reserved 1114112K
  class space    used 10291K, committed 10560K, reserved 1048576K
}
Event: 129509.301 GC heap after
{Heap after GC invocations=12075 (full 11712):
 garbage-first heap   total 577536K, used 184336K [0x00000000c0000000, 0x0000000100000000)
  region size 1024K, 0 young (0K), 0 survivors (0K)
 Metaspace       used 74698K, committed 75264K, reserved 1114112K
  class space    used 10291K, committed 10560K, reserved 1048576K
}
Event: 129519.520 GC heap before
{Heap before GC invocations=12075 (full 11712):
 garbage-first heap   total 577536K, used 184336K [0x00000000c0000000, 0x0000000100000000)
  region size 1024K, 1 young (1024K), 0 survivors (0K)
 Metaspace       used 74698K, committed 75264K, reserved 1114112K
  class space    used 10291K, committed 10560K, reserved 1048576K
}
Event: 129519.587 GC heap after
{Heap after GC invocations=12076 (full 11713):
 garbage-first heap   total 577536K, used 184336K [0x00000000c0000000, 0x0000000100000000)
  region size 1024K, 0 young (0K), 0 survivors (0K)
 Metaspace       used 74698K, committed 75264K, reserved 1114112K
  class space    used 10291K, committed 10560K, reserved 1048576K
}
Event: 129529.797 GC heap before
{Heap before GC invocations=12076 (full 11713):
 garbage-first heap   total 577536K, used 184336K [0x00000000c0000000, 0x0000000100000000)
  region size 1024K, 1 young (1024K), 0 survivors (0K)
 Metaspace       used 74698K, committed 75264K, reserved 1114112K
  class space    used 10291K, committed 10560K, reserved 1048576K
}
Event: 129529.855 GC heap after
{Heap after GC invocations=12077 (full 11714):
 garbage-first heap   total 577536K, used 184336K [0x00000000c0000000, 0x0000000100000000)
  region size 1024K, 0 young (0K), 0 survivors (0K)
 Metaspace       used 74698K, committed 75264K, reserved 1114112K
  class space    used 10291K, committed 10560K, reserved 1048576K
}
Event: 129540.085 GC heap before
{Heap before GC invocations=12077 (full 11714):
 garbage-first heap   total 577536K, used 184336K [0x00000000c0000000, 0x0000000100000000)
  region size 1024K, 1 young (1024K), 0 survivors (0K)
 Metaspace       used 74698K, committed 75264K, reserved 1114112K
  class space    used 10291K, committed 10560K, reserved 1048576K
}
Event: 129540.145 GC heap after
{Heap after GC invocations=12078 (full 11715):
 garbage-first heap   total 577536K, used 184336K [0x00000000c0000000, 0x0000000100000000)
  region size 1024K, 0 young (0K), 0 survivors (0K)
 Metaspace       used 74698K, committed 75264K, reserved 1114112K
  class space    used 10291K, committed 10560K, reserved 1048576K
}
Event: 129550.357 GC heap before
{Heap before GC invocations=12078 (full 11715):
 garbage-first heap   total 577536K, used 184336K [0x00000000c0000000, 0x0000000100000000)
  region size 1024K, 1 young (1024K), 0 survivors (0K)
 Metaspace       used 74698K, committed 75264K, reserved 1114112K
  class space    used 10291K, committed 10560K, reserved 1048576K
}
Event: 129550.419 GC heap after
{Heap after GC invocations=12079 (full 11716):
 garbage-first heap   total 577536K, used 184336K [0x00000000c0000000, 0x0000000100000000)
  region size 1024K, 0 young (0K), 0 survivors (0K)
 Metaspace       used 74698K, committed 75264K, reserved 1114112K
  class space    used 10291K, committed 10560K, reserved 1048576K
}
Event: 129560.633 GC heap before
{Heap before GC invocations=12079 (full 11716):
 garbage-first heap   total 577536K, used 184336K [0x00000000c0000000, 0x0000000100000000)
  region size 1024K, 1 young (1024K), 0 survivors (0K)
 Metaspace       used 74698K, committed 75264K, reserved 1114112K
  class space    used 10291K, committed 10560K, reserved 1048576K
}
Event: 129560.690 GC heap after
{Heap after GC invocations=12080 (full 11717):
 garbage-first heap   total 577536K, used 184336K [0x00000000c0000000, 0x0000000100000000)
  region size 1024K, 0 young (0K), 0 survivors (0K)
 Metaspace       used 74698K, committed 75264K, reserved 1114112K
  class space    used 10291K, committed 10560K, reserved 1048576K
}

